<?xml version="1.0" encoding="UTF-8"?>
<!-- Generated by org.testng.reporters.JUnitXMLReporter -->
<testsuite hostname="M270967DZG3QD" ignored="0" name="Default test" tests="3" failures="0" timestamp="14 Dec 2017 17:20:41 GMT" time="147.321" errors="0">
  <testcase name="verifyHomePageTitleTest" time="28.197" classname="com.crm.qa.testcases.HomePageTest"/>
  <testcase name="verifyUserNameTest" time="10.588" classname="com.crm.qa.testcases.HomePageTest"/>
  <testcase name="verifyContactsLinkTest" time="0.073" classname="com.crm.qa.testcases.HomePageTest"/>
</testsuite> <!-- Default test -->
